[0.018s] Invoking command in '/home/simone/thesis_ws/build/set_env_pkg': CMAKE_PREFIX_PATH=${CMAKE_PREFIX_PATH}:/opt/ros/humble /usr/bin/cmake --build /home/simone/thesis_ws/build/set_env_pkg -- -j12 -l12
[0.049s] Invoked command in '/home/simone/thesis_ws/build/set_env_pkg' returned '0': CMAKE_PREFIX_PATH=${CMAKE_PREFIX_PATH}:/opt/ros/humble /usr/bin/cmake --build /home/simone/thesis_ws/build/set_env_pkg -- -j12 -l12
[0.075s] Invoking command in '/home/simone/thesis_ws/build/set_env_pkg': CMAKE_PREFIX_PATH=${CMAKE_PREFIX_PATH}:/opt/ros/humble /usr/bin/cmake --install /home/simone/thesis_ws/build/set_env_pkg
[0.082s] -- Install configuration: ""
[0.082s] -- Execute custom install script
[0.083s] -- Up-to-date symlink: /home/simone/thesis_ws/install/set_env_pkg/share/set_env_pkg/config/ekf.yaml
[0.083s] -- Up-to-date symlink: /home/simone/thesis_ws/install/set_env_pkg/share/set_env_pkg/launch/setup.launch.py
[0.083s] -- Up-to-date symlink: /home/simone/thesis_ws/install/set_env_pkg/share/set_env_pkg/maps/smalltown_world.pgm
[0.083s] -- Up-to-date symlink: /home/simone/thesis_ws/install/set_env_pkg/share/set_env_pkg/maps/smalltown_world.yaml
[0.084s] -- Up-to-date symlink: /home/simone/thesis_ws/install/set_env_pkg/share/set_env_pkg/meshes/arm_base.stl
[0.084s] -- Up-to-date symlink: /home/simone/thesis_ws/install/set_env_pkg/share/set_env_pkg/meshes/bicep.stl
[0.084s] -- Up-to-date symlink: /home/simone/thesis_ws/install/set_env_pkg/share/set_env_pkg/meshes/elbow.stl
[0.084s] -- Up-to-date symlink: /home/simone/thesis_ws/install/set_env_pkg/share/set_env_pkg/meshes/robot_base.stl
[0.084s] -- Up-to-date symlink: /home/simone/thesis_ws/install/set_env_pkg/share/set_env_pkg/meshes/wheel.stl
[0.085s] -- Up-to-date symlink: /home/simone/thesis_ws/install/set_env_pkg/share/set_env_pkg/meshes/wrist.stl
[0.085s] -- Up-to-date symlink: /home/simone/thesis_ws/install/set_env_pkg/share/set_env_pkg/models/robot_model.urdf
[0.085s] -- Up-to-date symlink: /home/simone/thesis_ws/install/set_env_pkg/share/set_env_pkg/models/robot_model_description/meshes/arm_base.stl
[0.085s] -- Up-to-date symlink: /home/simone/thesis_ws/install/set_env_pkg/share/set_env_pkg/models/robot_model_description/meshes/bicep.stl
[0.085s] -- Up-to-date symlink: /home/simone/thesis_ws/install/set_env_pkg/share/set_env_pkg/models/robot_model_description/meshes/elbow.stl
[0.085s] -- Up-to-date symlink: /home/simone/thesis_ws/install/set_env_pkg/share/set_env_pkg/models/robot_model_description/meshes/robot_base.stl
[0.085s] -- Up-to-date symlink: /home/simone/thesis_ws/install/set_env_pkg/share/set_env_pkg/models/robot_model_description/meshes/wheel.stl
[0.086s] -- Up-to-date symlink: /home/simone/thesis_ws/install/set_env_pkg/share/set_env_pkg/models/robot_model_description/meshes/wrist.stl
[0.086s] -- Up-to-date symlink: /home/simone/thesis_ws/install/set_env_pkg/share/set_env_pkg/models/robot_model_description/model.config
[0.086s] -- Up-to-date symlink: /home/simone/thesis_ws/install/set_env_pkg/share/set_env_pkg/models/robot_model_description/robot_model.sdf
[0.086s] -- Up-to-date symlink: /home/simone/thesis_ws/install/set_env_pkg/share/set_env_pkg/params/nav2_params.yaml
[0.086s] -- Up-to-date symlink: /home/simone/thesis_ws/install/set_env_pkg/share/set_env_pkg/rviz/nav2_config.rviz
[0.086s] -- Up-to-date symlink: /home/simone/thesis_ws/install/set_env_pkg/share/set_env_pkg/rviz/nav2_config.rviz:Zone.Identifier
[0.086s] -- Up-to-date symlink: /home/simone/thesis_ws/install/set_env_pkg/share/set_env_pkg/rviz/urdf_config.rviz
[0.087s] -- Up-to-date symlink: /home/simone/thesis_ws/install/set_env_pkg/share/set_env_pkg/worlds/smalltown/smalltown.world
[0.087s] -- Up-to-date symlink: /home/simone/thesis_ws/install/set_env_pkg/share/ament_index/resource_index/package_run_dependencies/set_env_pkg
[0.087s] -- Up-to-date symlink: /home/simone/thesis_ws/install/set_env_pkg/share/ament_index/resource_index/parent_prefix_path/set_env_pkg
[0.087s] -- Up-to-date symlink: /home/simone/thesis_ws/install/set_env_pkg/share/set_env_pkg/environment/ament_prefix_path.sh
[0.087s] -- Up-to-date symlink: /home/simone/thesis_ws/install/set_env_pkg/share/set_env_pkg/environment/ament_prefix_path.dsv
[0.087s] -- Up-to-date symlink: /home/simone/thesis_ws/install/set_env_pkg/share/set_env_pkg/environment/path.sh
[0.088s] -- Up-to-date symlink: /home/simone/thesis_ws/install/set_env_pkg/share/set_env_pkg/environment/path.dsv
[0.088s] -- Up-to-date symlink: /home/simone/thesis_ws/install/set_env_pkg/share/set_env_pkg/local_setup.bash
[0.088s] -- Up-to-date symlink: /home/simone/thesis_ws/install/set_env_pkg/share/set_env_pkg/local_setup.sh
[0.088s] -- Up-to-date symlink: /home/simone/thesis_ws/install/set_env_pkg/share/set_env_pkg/local_setup.zsh
[0.088s] -- Up-to-date symlink: /home/simone/thesis_ws/install/set_env_pkg/share/set_env_pkg/local_setup.dsv
[0.088s] -- Symlinking: /home/simone/thesis_ws/install/set_env_pkg/share/set_env_pkg/package.dsv
[0.096s] -- Up-to-date symlink: /home/simone/thesis_ws/install/set_env_pkg/share/ament_index/resource_index/packages/set_env_pkg
[0.096s] -- Up-to-date symlink: /home/simone/thesis_ws/install/set_env_pkg/share/set_env_pkg/cmake/set_env_pkgConfig.cmake
[0.096s] -- Up-to-date symlink: /home/simone/thesis_ws/install/set_env_pkg/share/set_env_pkg/cmake/set_env_pkgConfig-version.cmake
[0.096s] -- Up-to-date symlink: /home/simone/thesis_ws/install/set_env_pkg/share/set_env_pkg/package.xml
[0.099s] Invoked command in '/home/simone/thesis_ws/build/set_env_pkg' returned '0': CMAKE_PREFIX_PATH=${CMAKE_PREFIX_PATH}:/opt/ros/humble /usr/bin/cmake --install /home/simone/thesis_ws/build/set_env_pkg
